[2026-02-28T09:01:51.770Z] [INFO] [logger] Application logger initialized {"logFile":"app-2026-02-28T09-01-51.log","config":{"level":"INFO","consoleOutput":true,"fileOutput":true}}
[2026-02-28T09:01:51.773Z] [INFO] [startup] MetricForge server starting...
[2026-02-28T09:01:51.797Z] [INFO] [startup] Database seeded
[2026-02-28T09:01:51.799Z] [INFO] [startup] Routes registered
[2026-02-28T09:01:52.294Z] [INFO] [startup] Server listening on port 5000
[2026-02-28T09:01:55.330Z] [REQUEST] GET /api/queries 200 OK 6ms 5937B
[2026-02-28T09:01:55.330Z] [RESPONSE] GET /api/queries :: [{"id":"f7b8ac7f-4387-48b4-9ab0-614c64b357da","name":"HTTP Request Rate","description":"Rate of incoming HTTP requests per second across all instances","expression":"rate(http_requests_total{job=\"api-server\"}[5m])","metricName":"http_requests_total","metricType":"counter","labels":[{"op":"=","label":"job","value":"api-server"}],"aggregation":null,"range":null,"operations":[{"id":"op-1","type":"rate","params":{"range":"5m"}}],"legendFormat":null,"step":null,"queryType":"range","visualizationTyp
[2026-02-28T09:01:55.562Z] [REQUEST] GET /api/queries 304 OK 3ms 5937B
[2026-02-28T09:01:55.562Z] [RESPONSE] GET /api/queries :: [{"id":"f7b8ac7f-4387-48b4-9ab0-614c64b357da","name":"HTTP Request Rate","description":"Rate of incoming HTTP requests per second across all instances","expression":"rate(http_requests_total{job=\"api-server\"}[5m])","metricName":"http_requests_total","metricType":"counter","labels":[{"op":"=","label":"job","value":"api-server"}],"aggregation":null,"range":null,"operations":[{"id":"op-1","type":"rate","params":{"range":"5m"}}],"legendFormat":null,"step":null,"queryType":"range","visualizationTyp
[2026-02-28T09:01:56.061Z] [REQUEST] GET /api/queries 304 OK 3ms 5937B
[2026-02-28T09:01:56.061Z] [RESPONSE] GET /api/queries :: [{"id":"f7b8ac7f-4387-48b4-9ab0-614c64b357da","name":"HTTP Request Rate","description":"Rate of incoming HTTP requests per second across all instances","expression":"rate(http_requests_total{job=\"api-server\"}[5m])","metricName":"http_requests_total","metricType":"counter","labels":[{"op":"=","label":"job","value":"api-server"}],"aggregation":null,"range":null,"operations":[{"id":"op-1","type":"rate","params":{"range":"5m"}}],"legendFormat":null,"step":null,"queryType":"range","visualizationTyp
[2026-02-28T09:02:02.982Z] [REQUEST] GET /api/logs/app 200 OK 2ms 851B
[2026-02-28T09:02:02.982Z] [RESPONSE] GET /api/logs/app :: {"entries":[{"id":"1772269312294-uxtrls","timestamp":"2026-02-28T09:01:52.294Z","level":"INFO","category":"startup","message":"Server listening on port 5000"},{"id":"1772269311799-zm98ps","timestamp":"2026-02-28T09:01:51.799Z","level":"INFO","category":"startup","message":"Routes registered"},{"id":"1772269311797-sfdql7","timestamp":"2026-02-28T09:01:51.797Z","level":"INFO","category":"startup","message":"Database seeded"},{"id":"1772269311773-703is0","timestamp":"2026-02-28T09:01:51.773Z","leve
[2026-02-28T09:02:02.983Z] [REQUEST] GET /api/logs/current 200 OK 1ms 42B
[2026-02-28T09:02:02.983Z] [RESPONSE] GET /api/logs/current :: {"filename":"app-2026-02-28T09-01-51.log"}
[2026-02-28T09:02:07.996Z] [REQUEST] GET /api/logs/app 304 OK 1ms 851B
[2026-02-28T09:02:07.996Z] [RESPONSE] GET /api/logs/app :: {"entries":[{"id":"1772269312294-uxtrls","timestamp":"2026-02-28T09:01:52.294Z","level":"INFO","category":"startup","message":"Server listening on port 5000"},{"id":"1772269311799-zm98ps","timestamp":"2026-02-28T09:01:51.799Z","level":"INFO","category":"startup","message":"Routes registered"},{"id":"1772269311797-sfdql7","timestamp":"2026-02-28T09:01:51.797Z","level":"INFO","category":"startup","message":"Database seeded"},{"id":"1772269311773-703is0","timestamp":"2026-02-28T09:01:51.773Z","leve
[2026-02-28T09:02:11.114Z] [REQUEST] GET /api/logs/requests 200 OK 1ms 21561B
[2026-02-28T09:02:11.114Z] [RESPONSE] GET /api/logs/requests :: {"entries":[{"id":"1772269327996-gyv55m","timestamp":"2026-02-28T09:02:07.996Z","method":"GET","path":"/api/logs/app","statusCode":304,"durationMs":1,"bytesReturned":851,"responseBody":{"entries":[{"id":"1772269312294-uxtrls","timestamp":"2026-02-28T09:01:52.294Z","level":"INFO","category":"startup","message":"Server listening on port 5000"},{"id":"1772269311799-zm98ps","timestamp":"2026-02-28T09:01:51.799Z","level":"INFO","category":"startup","message":"Routes registered"},{"id":"1772269311797-
[2026-02-28T09:02:16.137Z] [REQUEST] GET /api/logs/requests 200 OK 1ms 43420B
[2026-02-28T09:02:16.137Z] [RESPONSE] GET /api/logs/requests :: {"entries":[{"id":"1772269331114-sxdu6b","timestamp":"2026-02-28T09:02:11.114Z","method":"GET","path":"/api/logs/requests","statusCode":200,"durationMs":1,"bytesReturned":21561,"responseBody":{"entries":[{"id":"1772269327996-gyv55m","timestamp":"2026-02-28T09:02:07.996Z","method":"GET","path":"/api/logs/app","statusCode":304,"durationMs":1,"bytesReturned":851,"responseBody":{"entries":[{"id":"1772269312294-uxtrls","timestamp":"2026-02-28T09:01:52.294Z","level":"INFO","category":"startup","messag
[2026-02-28T09:02:17.208Z] [REQUEST] GET /api/logs/files 200 OK 2ms 705B
[2026-02-28T09:02:17.208Z] [RESPONSE] GET /api/logs/files :: [{"name":"app-2026-02-28T09-01-51.log","size":5070,"created":"2026-02-28T09:01:51.773Z"},{"name":"app-2026-02-28T09-01-17.log","size":1712,"created":"2026-02-28T09:01:17.519Z"},{"name":"app-2026-02-28T09-01-12.log","size":1712,"created":"2026-02-28T09:01:12.750Z"},{"name":"app-2026-02-28T09-00-01.log","size":1712,"created":"2026-02-28T09:00:01.968Z"},{"name":"app-2026-02-28T08-58-37.log","size":5608,"created":"2026-02-28T08:58:37.893Z"},{"name":"app-2026-02-28T08-57-44.log","size":2344,"created"
[2026-02-28T09:02:24.740Z] [REQUEST] GET /api/logs/files/app-2026-02-28T09-01-51.log 200 OK 2ms 6356B
[2026-02-28T09:02:24.740Z] [RESPONSE] GET /api/logs/files/app-2026-02-28T09-01-51.log :: {"filename":"app-2026-02-28T09-01-51.log","content":"[2026-02-28T09:01:51.770Z] [INFO] [logger] Application logger initialized {\"logFile\":\"app-2026-02-28T09-01-51.log\",\"config\":{\"level\":\"INFO\",\"consoleOutput\":true,\"fileOutput\":true}}\n[2026-02-28T09:01:51.773Z] [INFO] [startup] MetricForge server starting...\n[2026-02-28T09:01:51.797Z] [INFO] [startup] Database seeded\n[2026-02-28T09:01:51.799Z] [INFO] [startup] Routes registered\n[2026-02-28T09:01:52.294Z] [INFO] [startup] Server 
[2026-02-28T09:02:36.248Z] [REQUEST] GET /api/logs/config 200 OK 0ms 135B
[2026-02-28T09:02:36.248Z] [RESPONSE] GET /api/logs/config :: {"level":"INFO","consoleOutput":true,"fileOutput":true,"maxFiles":20,"logApiRequests":true,"logApiResponses":true,"logDbQueries":false}
