[2026-02-28T08:58:37.890Z] [INFO] [logger] Application logger initialized {"logFile":"app-2026-02-28T08-58-37.log","config":{"level":"INFO","consoleOutput":true,"fileOutput":true}}
[2026-02-28T08:58:37.892Z] [INFO] [startup] MetricForge server starting...
[2026-02-28T08:58:37.916Z] [INFO] [startup] Database seeded
[2026-02-28T08:58:37.918Z] [INFO] [startup] Routes registered
[2026-02-28T08:58:38.403Z] [INFO] [startup] Server listening on port 5000
[2026-02-28T08:58:41.122Z] [REQUEST] GET /api/queries 304 OK 4ms 5937B
[2026-02-28T08:58:41.122Z] [RESPONSE] GET /api/queries :: [{"id":"f7b8ac7f-4387-48b4-9ab0-614c64b357da","name":"HTTP Request Rate","description":"Rate of incoming HTTP requests per second across all instances","expression":"rate(http_requests_total{job=\"api-server\"}[5m])","metricName":"http_requests_total","metricType":"counter","labels":[{"op":"=","label":"job","value":"api-server"}],"aggregation":null,"range":null,"operations":[{"id":"op-1","type":"rate","params":{"range":"5m"}}],"legendFormat":null,"step":null,"queryType":"range","visualizationTyp
[2026-02-28T08:58:41.378Z] [REQUEST] GET /api/logs/app 200 OK 1ms 851B
[2026-02-28T08:58:41.378Z] [RESPONSE] GET /api/logs/app :: {"entries":[{"id":"1772269118403-y7dhfh","timestamp":"2026-02-28T08:58:38.403Z","level":"INFO","category":"startup","message":"Server listening on port 5000"},{"id":"1772269117918-66pohq","timestamp":"2026-02-28T08:58:37.918Z","level":"INFO","category":"startup","message":"Routes registered"},{"id":"1772269117916-xnbgnq","timestamp":"2026-02-28T08:58:37.916Z","level":"INFO","category":"startup","message":"Database seeded"},{"id":"1772269117892-hyciga","timestamp":"2026-02-28T08:58:37.892Z","leve
[2026-02-28T08:58:41.382Z] [REQUEST] GET /api/logs/current 200 OK 0ms 42B
[2026-02-28T08:58:41.382Z] [RESPONSE] GET /api/logs/current :: {"filename":"app-2026-02-28T08-58-37.log"}
[2026-02-28T08:58:43.645Z] [REQUEST] GET /api/queries 200 OK 2ms 5937B
[2026-02-28T08:58:43.645Z] [RESPONSE] GET /api/queries :: [{"id":"f7b8ac7f-4387-48b4-9ab0-614c64b357da","name":"HTTP Request Rate","description":"Rate of incoming HTTP requests per second across all instances","expression":"rate(http_requests_total{job=\"api-server\"}[5m])","metricName":"http_requests_total","metricType":"counter","labels":[{"op":"=","label":"job","value":"api-server"}],"aggregation":null,"range":null,"operations":[{"id":"op-1","type":"rate","params":{"range":"5m"}}],"legendFormat":null,"step":null,"queryType":"range","visualizationTyp
[2026-02-28T08:58:46.477Z] [REQUEST] GET /api/logs/app 304 OK 0ms 851B
[2026-02-28T08:58:46.477Z] [RESPONSE] GET /api/logs/app :: {"entries":[{"id":"1772269118403-y7dhfh","timestamp":"2026-02-28T08:58:38.403Z","level":"INFO","category":"startup","message":"Server listening on port 5000"},{"id":"1772269117918-66pohq","timestamp":"2026-02-28T08:58:37.918Z","level":"INFO","category":"startup","message":"Routes registered"},{"id":"1772269117916-xnbgnq","timestamp":"2026-02-28T08:58:37.916Z","level":"INFO","category":"startup","message":"Database seeded"},{"id":"1772269117892-hyciga","timestamp":"2026-02-28T08:58:37.892Z","leve
[2026-02-28T08:58:47.386Z] [REQUEST] GET /api/logs/requests 200 OK 1ms 15381B
[2026-02-28T08:58:47.386Z] [RESPONSE] GET /api/logs/requests :: {"entries":[{"id":"1772269126477-86gdh2","timestamp":"2026-02-28T08:58:46.477Z","method":"GET","path":"/api/logs/app","statusCode":304,"durationMs":0,"bytesReturned":851,"responseBody":{"entries":[{"id":"1772269118403-y7dhfh","timestamp":"2026-02-28T08:58:38.403Z","level":"INFO","category":"startup","message":"Server listening on port 5000"},{"id":"1772269117918-66pohq","timestamp":"2026-02-28T08:58:37.918Z","level":"INFO","category":"startup","message":"Routes registered"},{"id":"1772269117916-
[2026-02-28T08:58:49.873Z] [REQUEST] GET /api/logs/files 200 OK 2ms 353B
[2026-02-28T08:58:49.873Z] [RESPONSE] GET /api/logs/files :: [{"name":"app-2026-02-28T08-58-37.log","size":3797,"created":"2026-02-28T08:58:37.893Z"},{"name":"app-2026-02-28T08-57-44.log","size":2344,"created":"2026-02-28T08:57:44.128Z"},{"name":"app-2026-02-28T08-57-08.log","size":1082,"created":"2026-02-28T08:57:08.753Z"},{"name":"app-2026-02-28T08-56-05.log","size":1082,"created":"2026-02-28T08:56:05.642Z"}]
[2026-02-28T08:58:56.889Z] [REQUEST] GET /api/logs/files/app-2026-02-28T08-58-37.log 200 OK 1ms 4772B
[2026-02-28T08:58:56.889Z] [RESPONSE] GET /api/logs/files/app-2026-02-28T08-58-37.log :: {"filename":"app-2026-02-28T08-58-37.log","content":"[2026-02-28T08:58:37.890Z] [INFO] [logger] Application logger initialized {\"logFile\":\"app-2026-02-28T08-58-37.log\",\"config\":{\"level\":\"INFO\",\"consoleOutput\":true,\"fileOutput\":true}}\n[2026-02-28T08:58:37.892Z] [INFO] [startup] MetricForge server starting...\n[2026-02-28T08:58:37.916Z] [INFO] [startup] Database seeded\n[2026-02-28T08:58:37.918Z] [INFO] [startup] Routes registered\n[2026-02-28T08:58:38.403Z] [INFO] [startup] Server 
[2026-02-28T08:58:59.673Z] [REQUEST] GET /api/queries 304 OK 13ms 5937B
[2026-02-28T08:58:59.673Z] [RESPONSE] GET /api/queries :: [{"id":"f7b8ac7f-4387-48b4-9ab0-614c64b357da","name":"HTTP Request Rate","description":"Rate of incoming HTTP requests per second across all instances","expression":"rate(http_requests_total{job=\"api-server\"}[5m])","metricName":"http_requests_total","metricType":"counter","labels":[{"op":"=","label":"job","value":"api-server"}],"aggregation":null,"range":null,"operations":[{"id":"op-1","type":"rate","params":{"range":"5m"}}],"legendFormat":null,"step":null,"queryType":"range","visualizationTyp
