[2026-03-01T03:48:27.501Z] [INFO] [logger] Application logger initialized {"logFile":"app-2026-03-01T03-48-27.log","config":{"level":"INFO","consoleOutput":true,"fileOutput":true}}
[2026-03-01T03:48:27.505Z] [INFO] [startup] MetricForge server starting...
[2026-03-01T03:48:27.552Z] [INFO] [startup] Database seeded
[2026-03-01T03:48:27.555Z] [INFO] [startup] Routes registered
[2026-03-01T03:48:28.284Z] [INFO] [startup] Server listening on port 5000
[2026-03-01T03:48:32.079Z] [REQUEST] GET /api/queries 200 OK 7ms 5937B
[2026-03-01T03:48:32.079Z] [RESPONSE] GET /api/queries :: [{"id":"f7b8ac7f-4387-48b4-9ab0-614c64b357da","name":"HTTP Request Rate","description":"Rate of incoming HTTP requests per second across all instances","expression":"rate(http_requests_total{job=\"api-server\"}[5m])","metricName":"http_requests_total","metricType":"counter","labels":[{"op":"=","label":"job","value":"api-server"}],"aggregation":null,"range":null,"operations":[{"id":"op-1","type":"rate","params":{"range":"5m"}}],"legendFormat":null,"step":null,"queryType":"range","visualizationTyp
[2026-03-01T03:48:32.151Z] [REQUEST] GET /api/metrics/catalog 200 OK 5ms 7207B
[2026-03-01T03:48:32.151Z] [RESPONSE] GET /api/metrics/catalog :: {"datasource":{"id":"7f827e0a-443f-4bf2-ab03-fe08d1ea8744","name":"Production Prometheus","type":"prometheus","url":"http://prometheus.example.com:9090"},"metrics":[{"name":"http_requests_total","type":"counter","description":"Total number of HTTP requests received, partitioned by status code, method, and handler","unit":"requests","labels":["job","instance","method","status_code","handler","endpoint","env"],"suggestedOperations":["rate","increase","sum","topk"],"job":"api-server","scrapeInterva
[2026-03-01T03:51:02.996Z] [REQUEST] GET /api/datasources 200 OK 15ms 497B
[2026-03-01T03:51:02.996Z] [RESPONSE] GET /api/datasources :: [{"id":"7f827e0a-443f-4bf2-ab03-fe08d1ea8744","name":"Production Prometheus","type":"prometheus","url":"http://prometheus.example.com:9090","access":"proxy","basicAuth":false,"basicAuthUser":"","isDefault":false,"customHeaders":{},"scrapeInterval":"15s","queryTimeout":"60s","httpMethod":"POST","tlsClientAuth":false,"tlsSkipVerify":false,"tlsCaCert":null,"tlsClientCert":null,"tlsClientKey":null,"tlsServerName":null,"createdAt":"2026-02-28T07:37:12.980Z","updatedAt":"2026-02-28T07:37:12.980Z"}]
[2026-03-01T03:51:25.151Z] [INFO] [storage] Creating datasource: Test Prometheus {"type":"prometheus","url":"http://localhost:9090"}
[2026-03-01T03:51:25.456Z] [INFO] [storage] Datasource created: ce563124-dfb6-4a9c-8ef0-0a44d4ff8833
[2026-03-01T03:51:25.457Z] [REQUEST] POST /api/datasources 201 OK 307ms 468B
[2026-03-01T03:51:25.457Z] [RESPONSE] POST /api/datasources :: {"id":"ce563124-dfb6-4a9c-8ef0-0a44d4ff8833","name":"Test Prometheus","type":"prometheus","url":"http://localhost:9090","access":"proxy","basicAuth":false,"basicAuthUser":"","isDefault":false,"customHeaders":{},"scrapeInterval":"15s","queryTimeout":"60s","httpMethod":"POST","tlsClientAuth":false,"tlsSkipVerify":false,"tlsCaCert":"","tlsClientCert":"","tlsClientKey":"","tlsServerName":"","createdAt":"2026-03-01T03:51:25.165Z","updatedAt":"2026-03-01T03:51:25.165Z"}
[2026-03-01T03:51:25.467Z] [REQUEST] GET /api/datasources 200 OK 2ms 966B
[2026-03-01T03:51:25.467Z] [RESPONSE] GET /api/datasources :: [{"id":"7f827e0a-443f-4bf2-ab03-fe08d1ea8744","name":"Production Prometheus","type":"prometheus","url":"http://prometheus.example.com:9090","access":"proxy","basicAuth":false,"basicAuthUser":"","isDefault":false,"customHeaders":{},"scrapeInterval":"15s","queryTimeout":"60s","httpMethod":"POST","tlsClientAuth":false,"tlsSkipVerify":false,"tlsCaCert":null,"tlsClientCert":null,"tlsClientKey":null,"tlsServerName":null,"createdAt":"2026-02-28T07:37:12.980Z","updatedAt":"2026-02-28T07:37:12.980Z"},{"i
[2026-03-01T03:51:34.451Z] [INFO] [datasource] Testing connectivity to datasource "Test Prometheus" at http://localhost:9090
[2026-03-01T03:51:34.461Z] [WARN] [datasource] Connectivity test FAILED for "Test Prometheus": fetch failed
[2026-03-01T03:51:34.462Z] [REQUEST] POST /api/datasources/ce563124-dfb6-4a9c-8ef0-0a44d4ff8833/test 200 OK 12ms 57B
[2026-03-01T03:51:34.462Z] [RESPONSE] POST /api/datasources/ce563124-dfb6-4a9c-8ef0-0a44d4ff8833/test :: {"success":false,"message":"fetch failed","latencyMs":10}
[2026-03-01T03:51:53.061Z] [INFO] [storage] Deleting datasource: ce563124-dfb6-4a9c-8ef0-0a44d4ff8833
[2026-03-01T03:51:53.081Z] [REQUEST] DELETE /api/datasources/ce563124-dfb6-4a9c-8ef0-0a44d4ff8833 204 OK 20ms 0B
[2026-03-01T03:51:53.090Z] [REQUEST] GET /api/datasources 200 OK 4ms 497B
[2026-03-01T03:51:53.090Z] [RESPONSE] GET /api/datasources :: [{"id":"7f827e0a-443f-4bf2-ab03-fe08d1ea8744","name":"Production Prometheus","type":"prometheus","url":"http://prometheus.example.com:9090","access":"proxy","basicAuth":false,"basicAuthUser":"","isDefault":false,"customHeaders":{},"scrapeInterval":"15s","queryTimeout":"60s","httpMethod":"POST","tlsClientAuth":false,"tlsSkipVerify":false,"tlsCaCert":null,"tlsClientCert":null,"tlsClientKey":null,"tlsServerName":null,"createdAt":"2026-02-28T07:37:12.980Z","updatedAt":"2026-02-28T07:37:12.980Z"}]
